#! /opt/homebrew/Cellar/icarus-verilog/11.0/bin/vvp
:ivl_version "11.0 (stable)";
:ivl_delay_selection "TYPICAL";
:vpi_time_precision - 12;
:vpi_module "/opt/homebrew/Cellar/icarus-verilog/11.0/lib/ivl/system.vpi";
:vpi_module "/opt/homebrew/Cellar/icarus-verilog/11.0/lib/ivl/vhdl_sys.vpi";
:vpi_module "/opt/homebrew/Cellar/icarus-verilog/11.0/lib/ivl/vhdl_textio.vpi";
:vpi_module "/opt/homebrew/Cellar/icarus-verilog/11.0/lib/ivl/v2005_math.vpi";
:vpi_module "/opt/homebrew/Cellar/icarus-verilog/11.0/lib/ivl/va_math.vpi";
S_0x10fe04080 .scope module, "testbench" "testbench" 2 1;
 .timescale 0 0;
v0x6000035d0a20_0 .var "a", 0 0;
v0x6000035d0ab0_0 .var "b", 0 0;
v0x6000035d0b40_0 .var "bin", 0 0;
v0x6000035d0bd0_0 .net "bout", 0 0, L_0x600002cc8310;  1 drivers
v0x6000035d0c60_0 .var "clk", 0 0;
v0x6000035d0cf0_0 .var "correct", 0 0;
v0x6000035d0d80_0 .var/i "counter", 31 0;
v0x6000035d0e10_0 .net "diff", 0 0, L_0x600002cc81c0;  1 drivers
v0x6000035d0ea0_0 .var "golden_borrow", 8 0;
v0x6000035d0f30_0 .var "golden_diff", 8 0;
E_0x6000009d0180 .event posedge, v0x6000035d0c60_0;
S_0x10fe041f0 .scope module, "FSUB" "Full_Subtractor" 2 15, 3 3 0, S_0x10fe04080;
 .timescale -9 -12;
    .port_info 0 /INPUT 1 "In_A";
    .port_info 1 /INPUT 1 "In_B";
    .port_info 2 /INPUT 1 "Borrow_in";
    .port_info 3 /OUTPUT 1 "Difference";
    .port_info 4 /OUTPUT 1 "Borrow_out";
L_0x600002cc8310 .functor OR 1, L_0x600002cc8150, L_0x600002cc82a0, C4<0>, C4<0>;
v0x6000035d05a0_0 .net "B1", 0 0, L_0x600002cc8150;  1 drivers
v0x6000035d0630_0 .net "B2", 0 0, L_0x600002cc82a0;  1 drivers
v0x6000035d06c0_0 .net "Borrow_in", 0 0, v0x6000035d0b40_0;  1 drivers
v0x6000035d0750_0 .net "Borrow_out", 0 0, L_0x600002cc8310;  alias, 1 drivers
v0x6000035d07e0_0 .net "D", 0 0, L_0x600002cc8070;  1 drivers
v0x6000035d0870_0 .net "Difference", 0 0, L_0x600002cc81c0;  alias, 1 drivers
v0x6000035d0900_0 .net "In_A", 0 0, v0x6000035d0a20_0;  1 drivers
v0x6000035d0990_0 .net "In_B", 0 0, v0x6000035d0ab0_0;  1 drivers
S_0x10fe04360 .scope module, "HSUB1" "Half_Subtractor" 3 18, 4 3 0, S_0x10fe041f0;
 .timescale -9 -12;
    .port_info 0 /INPUT 1 "In_A";
    .port_info 1 /INPUT 1 "In_B";
    .port_info 2 /OUTPUT 1 "Difference";
    .port_info 3 /OUTPUT 1 "Borrow_out";
L_0x600002cc8070 .functor XOR 1, v0x6000035d0a20_0, v0x6000035d0ab0_0, C4<0>, C4<0>;
L_0x600002cc80e0 .functor NOT 1, v0x6000035d0a20_0, C4<0>, C4<0>, C4<0>;
L_0x600002cc8150 .functor AND 1, L_0x600002cc80e0, v0x6000035d0ab0_0, C4<1>, C4<1>;
v0x6000035d0000_0 .net "Borrow_out", 0 0, L_0x600002cc8150;  alias, 1 drivers
v0x6000035d0090_0 .net "Difference", 0 0, L_0x600002cc8070;  alias, 1 drivers
v0x6000035d0120_0 .net "In_A", 0 0, v0x6000035d0a20_0;  alias, 1 drivers
v0x6000035d01b0_0 .net "In_B", 0 0, v0x6000035d0ab0_0;  alias, 1 drivers
v0x6000035d0240_0 .net "tmp", 0 0, L_0x600002cc80e0;  1 drivers
S_0x10fe044d0 .scope module, "HSUB2" "Half_Subtractor" 3 24, 4 3 0, S_0x10fe041f0;
 .timescale -9 -12;
    .port_info 0 /INPUT 1 "In_A";
    .port_info 1 /INPUT 1 "In_B";
    .port_info 2 /OUTPUT 1 "Difference";
    .port_info 3 /OUTPUT 1 "Borrow_out";
L_0x600002cc81c0 .functor XOR 1, L_0x600002cc8070, v0x6000035d0b40_0, C4<0>, C4<0>;
L_0x600002cc8230 .functor NOT 1, L_0x600002cc8070, C4<0>, C4<0>, C4<0>;
L_0x600002cc82a0 .functor AND 1, L_0x600002cc8230, v0x6000035d0b40_0, C4<1>, C4<1>;
v0x6000035d02d0_0 .net "Borrow_out", 0 0, L_0x600002cc82a0;  alias, 1 drivers
v0x6000035d0360_0 .net "Difference", 0 0, L_0x600002cc81c0;  alias, 1 drivers
v0x6000035d03f0_0 .net "In_A", 0 0, L_0x600002cc8070;  alias, 1 drivers
v0x6000035d0480_0 .net "In_B", 0 0, v0x6000035d0b40_0;  alias, 1 drivers
v0x6000035d0510_0 .net "tmp", 0 0, L_0x600002cc8230;  1 drivers
    .scope S_0x10fe04080;
T_0 ;
    %delay 276447232, 23283;
    %vpi_call 2 18 "$finish" {0 0 0};
    %end;
    .thread T_0;
    .scope S_0x10fe04080;
T_1 ;
    %vpi_call 2 23 "$dumpfile", "testbench.vcd" {0 0 0};
    %vpi_call 2 24 "$dumpvars" {0 0 0};
    %pushi/vec4 0, 0, 1;
    %store/vec4 v0x6000035d0c60_0, 0, 1;
    %pushi/vec4 0, 0, 32;
    %store/vec4 v0x6000035d0d80_0, 0, 32;
    %pushi/vec4 1, 0, 1;
    %store/vec4 v0x6000035d0cf0_0, 0, 1;
    %pushi/vec4 150, 0, 9;
    %store/vec4 v0x6000035d0f30_0, 0, 9;
    %pushi/vec4 142, 0, 9;
    %store/vec4 v0x6000035d0ea0_0, 0, 9;
    %pushi/vec4 0, 0, 1;
    %store/vec4 v0x6000035d0a20_0, 0, 1;
    %pushi/vec4 0, 0, 1;
    %store/vec4 v0x6000035d0ab0_0, 0, 1;
    %pushi/vec4 0, 0, 1;
    %store/vec4 v0x6000035d0b40_0, 0, 1;
    %delay 1316134912, 2328;
    %pushi/vec4 0, 0, 1;
    %store/vec4 v0x6000035d0a20_0, 0, 1;
    %pushi/vec4 0, 0, 1;
    %store/vec4 v0x6000035d0ab0_0, 0, 1;
    %pushi/vec4 1, 0, 1;
    %store/vec4 v0x6000035d0b40_0, 0, 1;
    %delay 1316134912, 2328;
    %pushi/vec4 0, 0, 1;
    %store/vec4 v0x6000035d0a20_0, 0, 1;
    %pushi/vec4 1, 0, 1;
    %store/vec4 v0x6000035d0ab0_0, 0, 1;
    %pushi/vec4 0, 0, 1;
    %store/vec4 v0x6000035d0b40_0, 0, 1;
    %delay 1316134912, 2328;
    %pushi/vec4 0, 0, 1;
    %store/vec4 v0x6000035d0a20_0, 0, 1;
    %pushi/vec4 1, 0, 1;
    %store/vec4 v0x6000035d0ab0_0, 0, 1;
    %pushi/vec4 1, 0, 1;
    %store/vec4 v0x6000035d0b40_0, 0, 1;
    %delay 1316134912, 2328;
    %pushi/vec4 1, 0, 1;
    %store/vec4 v0x6000035d0a20_0, 0, 1;
    %pushi/vec4 0, 0, 1;
    %store/vec4 v0x6000035d0ab0_0, 0, 1;
    %pushi/vec4 0, 0, 1;
    %store/vec4 v0x6000035d0b40_0, 0, 1;
    %delay 1316134912, 2328;
    %pushi/vec4 1, 0, 1;
    %store/vec4 v0x6000035d0a20_0, 0, 1;
    %pushi/vec4 0, 0, 1;
    %store/vec4 v0x6000035d0ab0_0, 0, 1;
    %pushi/vec4 1, 0, 1;
    %store/vec4 v0x6000035d0b40_0, 0, 1;
    %delay 1316134912, 2328;
    %pushi/vec4 1, 0, 1;
    %store/vec4 v0x6000035d0a20_0, 0, 1;
    %pushi/vec4 1, 0, 1;
    %store/vec4 v0x6000035d0ab0_0, 0, 1;
    %pushi/vec4 0, 0, 1;
    %store/vec4 v0x6000035d0b40_0, 0, 1;
    %delay 1316134912, 2328;
    %pushi/vec4 1, 0, 1;
    %store/vec4 v0x6000035d0a20_0, 0, 1;
    %pushi/vec4 1, 0, 1;
    %store/vec4 v0x6000035d0ab0_0, 0, 1;
    %pushi/vec4 1, 0, 1;
    %store/vec4 v0x6000035d0b40_0, 0, 1;
    %delay 1316134912, 2328;
    %pushi/vec4 0, 0, 1;
    %store/vec4 v0x6000035d0a20_0, 0, 1;
    %pushi/vec4 0, 0, 1;
    %store/vec4 v0x6000035d0ab0_0, 0, 1;
    %pushi/vec4 0, 0, 1;
    %store/vec4 v0x6000035d0b40_0, 0, 1;
    %end;
    .thread T_1;
    .scope S_0x10fe04080;
T_2 ;
    %delay 658067456, 1164;
    %load/vec4 v0x6000035d0c60_0;
    %inv;
    %store/vec4 v0x6000035d0c60_0, 0, 1;
    %jmp T_2;
    .thread T_2;
    .scope S_0x10fe04080;
T_3 ;
    %wait E_0x6000009d0180;
    %load/vec4 v0x6000035d0f30_0;
    %load/vec4 v0x6000035d0d80_0;
    %part/s 1;
    %load/vec4 v0x6000035d0e10_0;
    %cmp/e;
    %flag_get/vec4 6;
    %nor/r;
    %flag_set/vec4 8;
    %load/vec4 v0x6000035d0ea0_0;
    %load/vec4 v0x6000035d0d80_0;
    %part/s 1;
    %load/vec4 v0x6000035d0bd0_0;
    %cmp/e;
    %flag_get/vec4 6;
    %nor/r;
    %flag_set/vec4 9;
    %flag_or 9, 8;
    %jmp/0xz  T_3.0, 9;
    %vpi_call 2 52 "$display", "***************************************************" {0 0 0};
    %vpi_call 2 53 "$display", "\000" {0 0 0};
    %vpi_call 2 54 "$display", "   Pattern %d is wrong! ", v0x6000035d0d80_0 {0 0 0};
    %vpi_call 2 55 "$display", "   Your diff = %d, golden = %d ", v0x6000035d0e10_0, &PV<v0x6000035d0f30_0, v0x6000035d0d80_0, 1> {0 0 0};
    %vpi_call 2 56 "$display", "   Your borrow = %d, golden = %d ", v0x6000035d0bd0_0, &PV<v0x6000035d0ea0_0, v0x6000035d0d80_0, 1> {0 0 0};
    %vpi_call 2 57 "$display", "\000" {0 0 0};
    %vpi_call 2 58 "$display", "***************************************************" {0 0 0};
    %vpi_call 2 59 "$display", "\000" {0 0 0};
    %pushi/vec4 0, 0, 1;
    %store/vec4 v0x6000035d0cf0_0, 0, 1;
T_3.0 ;
    %load/vec4 v0x6000035d0d80_0;
    %pushi/vec4 8, 0, 32;
    %cmp/e;
    %flag_get/vec4 4;
    %load/vec4 v0x6000035d0cf0_0;
    %and;
    %flag_set/vec4 8;
    %jmp/0xz  T_3.2, 8;
    %vpi_call 2 64 "$display", "@@@@@@@@@@@@@@@@@@@@@@@@@@@@@@@@@@@@@@@@@@@@@@@@@@@@@@@@@@@@@@@@@@@@@@@@@@@@@@@@@@@@@@@@@@@@@@@@@@@@@@@@@@@@@@@@@@@@@@@@@@@@@@@@@@@@@@@@@@@@@@@@@@@@@@@@@@@@@@@@@@@@@@@@@@@@@@@@@@@@@@@@@@@@@@@@@@@@@@" {0 0 0};
    %vpi_call 2 65 "$display", "@@@@@@@@@@@@@@@@@@@@@@@@@@@@@@@@@@@@@@@@@@@@@@@@@@@@@@@@@@@@@@@@@@@@@@@@@@@@@@@@@@@@@@@@@@@@@@@@@@@@@@@@@@@@@@@@@@@@@@@@@@@@@@@@@@@@@@@@@@@@@@@@@@@@@@@@@@@@@@@@@@@@@@@@@@@@@@@@@@@@@@@@@@@@@@@@@@@@@@" {0 0 0};
    %vpi_call 2 66 "$display", "@@@@@@@@@@@@@@@@@@@@@@@@@@@@@@@@@@@@@@@@@@@@@@@@@@@@@@@@@@@@@@@@@@@@@@@@@@@@@@@@@@@@@@@@@@@@@@@@@@@@@@@@@@@@@@@@@@@@@@@@@@@@@@@@@@@@@@@@@@@@@@@@@@@@@@@@@@@@@@@@@@@@@@@@@@@@@@@@@@@@@@@@@@@@@@@@@@@@@@" {0 0 0};
    %vpi_call 2 67 "$display", "@@@@@@@@@@@@@@@@@@@@@@@@@@@@@@@@@@@@@@@@@@@@@@@@@@@@@@@@@@@@@@@@@@@@@@@@@@@@@@@@@@@@@@@@@@@@@@@@@@@@@@@@@@@@@@@@@@@@@@@@@@@@@@@@@@@@@@@@@@@@@@@@@@@@@@@@@@@@@@@@@@@@@@@@@@@@@@@@@@@@@@@@@@@@@@@@@@@@@@" {0 0 0};
    %vpi_call 2 68 "$display", "@@@@@@@@@@@@@@@@@@@@@@@@@@@@@@@@@@@@@@@@@@@@@@@@  @@@@@@@@@@@@@@@@@@@@@@@@@@@@@@@@@@@@@@@@@@@@@@@@@@@@@@@@@@@@@@@@@@@@@@@@@@@@@@@@@@@@@@@@@@@@@@@@@@@@@@@@@@@@@@@@@@@@@@@@@@@@@@@@@@@@@@@@@@@@@@@@@@@@" {0 0 0};
    %vpi_call 2 69 "$display", "@@@@@@@@@@@@@@@@@@@@@@@@@@@@@@@@@@@@@@@@@@@@@@@@./// @@@@@@@@@@@@@@@@@@@@@@@@@@@@@@@@@@@@@@@@@@@@@@@@@@@@@@@@@@@@@@@@@@@@@@@@@@@@@@@@@@@@@@@@@@@@@@@@@@@@@@@@@@@@@@@@@@@@@@@@@@@@@@@@@@@@@@@@@@@@@@@@@" {0 0 0};
    %vpi_call 2 70 "$display", "@@@@@@@@@@@@@@@@@@@@@@@@@@@@@@@@@@@@@@@@@@@@@@@#/////// @@@@@@@@@@@@@@@@@@@@@@@@@@@@@@@@@@@@@@@@@@@@@@@@@@@@@@@@@@@@@@@@@@@@@@@@@@@@@@@@@@@@@@@@@@@@@@@@@@@@@@@@@@@@@@@@@@@@@@@@@@@@@@@@@@@@@@@@@@@@@@" {0 0 0};
    %vpi_call 2 71 "$display", "@@@@@@@@@@@@@@@@@@@@@@@@@@@@@@@@@@@@@@@@@@@@@@@.////////// @@@@@@@@@@@@@@@@@@@@@@@@@@@@@@@@@@@@@@@@@@@@@@@@@@@@@@@@@@@@@@@@@@@@@@@@@@@@@@@@@@@@@@@@@@@@@@@@@@@@@@@@@@@@@@@@@@@@@@@@@@@@@@@@@@@@@@@@@@@" {0 0 0};
    %vpi_call 2 72 "$display", "@@@@@@@@@@@@@@@@@@@@@@@@@@@@@@@@@@@@@@@@@@@@@@@ ///***//////*,@@@@@@@@@@@@@@@@@@@@@@@@@@@@@@@@@@@@@@@@@@@@@@@@@@@@@@@@@@@@@@@@@@@@@@@@@@@@@@@@@@@@@@@@@@@@@@@@@@@@@@@@@@@@@@@@@@@@@@@@@@@@@@@@@@@@@@@@" {0 0 0};
    %vpi_call 2 73 "$display", "@@@@@@@@@@@@@@@@@@@@@@@@@@@@@@@@@@@@@@@@@@@@@@@ /**,,,**///////.#@@@@@@@@@@@@@@@@@@@@@@@@@@@@@@@@@@@@@@@@@@@@@@@@@@@@@@@@@@@@@@@@@@@@@@@@@@@@@@@@@@@@@@@@@@@@@@@@@@@@@@@@@@@@@@@@@@@@@@@@@@@@@@@@@@@@@" {0 0 0};
    %vpi_call 2 74 "$display", "@@@@@@@@@@@@@@@@@@@@@@@@@@@@@@@@@@@@@@@@@@@@@@@ *,,,,,,,,**/////// @@@@@@@@@@@@@@@@@@@@@@@@@@@@@@@@@@@@@@@@@@@@@@@@@@@@@@@@@@@@@@@@@@@@@@@@@@@@@@@@@@@@@@@@@@@@@@@@@@@@@@@@@@@@@@@@@@@@@@@@@@@@@@@@@@@" {0 0 0};
    %vpi_call 2 75 "$display", "@@@@@@@@@@@@@@@@@@@@@@@@@@@@@@@@@@@@@@@@@@@@@@@ ,,,,,,,,,,,,**//////*,@@@@@@@@@@@@@@@@@@@@@@@@@@@@@@@@@@@@@@@@@@@@@@@@@@@@@@@@@@@@@@@@@@@@@@@@@@@@@@@@@@@@@@@@@@@@@@@@@@@@@@@@@@@@@@@@@@@@@@@@@@@@@@@@" {0 0 0};
    %vpi_call 2 76 "$display", "@@@@@@@@@@@@@@@@@@@@@@@@@@@@@@@@@@@@@@@@@@@@@@@ .,,,,,,,,,,,,,**/////// @@@@@@@@@@@@@@@@@@@@@@@@@@@@@@@@@@@@@@@@@@@@@@@@@@@@@@@@@@@@@@@@@@@@@@@@@@@@@@@@@@@@@@@@@@@@@@@@@@@@@@@@@@@@@@@@@@@@@@@@@@@@@@" {0 0 0};
    %vpi_call 2 77 "$display", "@@@@@@@@@@@@@@@@@@@@@@@@@@@@@@@@@@@@@@@@@@@@@@@ ..,,,,,,,,,,,,,,,**//////**@@@@@@@@@@@@@@@@@@@@@@@@@@@@@@@@@@@@@@@@@@@@@@@@@@@@@@@@@@@@@@@@@@@@@@@@@@@@@@@@@@@@@@@@@@@@@@@@@@@@@@@@@@@@@@@@@@@@@@@@@@@" {0 0 0};
    %vpi_call 2 78 "$display", "@@@@@@@@@@@@@@@@@@@@@@@@@@@@@@@@@@@@@@@@@@@@@@@ ...,,,,,,,,,,,,,,,,**/////// @@@@@@@@@@@@@@@@@@@@@@@@@@@@@@@@@@@@@@@@@@@@@@@@@@@@@( .// @@@@@@@@@@@@@@@@@@@@@@@@@@@@@@@@@@@@@@@@@@@@@@@@@@@@@@@@@@@@@@" {0 0 0};
    %vpi_call 2 79 "$display", "@@@@@@@@@@@@@@@@@@@@@@@@@@@@@@@@@@@@@@@@@@@@@@@ ....,,,,,,,,,,,,,,,,,,**////// @@@@@@@@///.(@@@@@@@@@@@@@@@@@@@@@@@@@@@@@@@# .//////// @@@@@@@@@@@@@@@@@@@@@@@@@@@@@@@@@@@@@@@@@@@@@@@@@@@@@@@@@@@@@@@" {0 0 0};
    %vpi_call 2 80 "$display", "@@@@@@@@@@@@@@@@@@@@@@@@@@@@@@@@@@@@@@@@@@@@@@@ .....,,,,,,,,,,,,,,,,,,,**////// @@@@@ //////,*@@@@ / @@@@@@@@@@@@@@@, */////////////.@@@@@@@@@@@@@@@@@@@@@@@@@@@@@@@@@@@@@@@@@@@@@@@@@@@@@@@@@@@@@@@@" {0 0 0};
    %vpi_call 2 81 "$display", "@@@@@@@@@@@@@@@@@@@@@@@@@@@@@@@@@@@@@@@@@@@@@@@.......,,,,,,,,,,,,,,,,,,,,,**///// @@ ////***///,(.//// @@@@@@# ,///////////////////*@@@@@@@@@@@@@@@@@@@@@@@@@@@@@@@@@@@@@@@@@@@@@@@@@@@@@@@@@@@@@@@@@" {0 0 0};
    %vpi_call 2 82 "$display", "@@@@@@@@@@@@@@@@@@@@@@@@@@@@@@@@@@@@@@@@@@@@@@@/.......,,,,,,,,,,,,,,,,,,,,,,,*///// ***,,,,,,,*///*,,*/. *///////////***,,,*//////#@@@@@@@@@@@@@@@@@@@@@@@@@@@@@@@@@@@@@@@@@@@@@@@@@@@@@@@@@@@@@@@@@@" {0 0 0};
    %vpi_call 2 83 "$display", "@@@@@@@@@@@@@@@@@@@ (@@@@@@@@@@@@@@@@@@@@@@@@@@&........,,,,,,,,,,,,,,,,,,,,,,,,,*/////,,,,,,,,,,,,,,,,,//////**,,,,,,,,,,,*/////*@@@@@@@@@@@@@@@@@@@@@@@@@@@@@@@@@@@@@@@@@@@@@@@@@@@@@@@@@@@@@@@@@@@@" {0 0 0};
    %vpi_call 2 84 "$display", "@@@@@@@@@@@@@@@@@@ ////. &@@@@@@@@@@@@@@@@@@@@@@........,,,,,,,,,,,,,,,,,,,,,,,,,,,**,,,,,,,,,,,,,,,,,,,,,,,,,,,,,,,,,,,,,*/////*&@@@@@@@@@@@@@@@@@@@@@@@@@@@@@@@@@@@@@@@@@@@@@@@@@@@@@@@@@@@@@@@@@@@@" {0 0 0};
    %vpi_call 2 85 "$display", "@@@@@@@@@@@@@@@@@@,////////* (@@@@@@@@@@@@@@@@@@ ........,,,,,,,,,,,,,,,,****,,,,,,,,,,,,,,,,,,,,,,,,,,,,,,,,,,,,,,,,,,,,,//////,.  *//////// @@@@@@@@@@@@@@@@@@@@@@@@@@@@@@@@@@@@@@@@@@@@@@@@@@@@@@@@" {0 0 0};
    %vpi_call 2 86 "$display", "@@@@@@@@@@ ///////////////////// ,@@@@@@@@@@@@@@ ..........,,,,,,,,,*//*,,,,,,,,,,,,,,,,,,,,,,,,,,,,,,,,,,,,,,,,,,,,,,,,,**////*****////// @@@@@@@@@@@@@@@@@@@@@@@@@@@@@@@@@@@@@@@@@@@@@@@@@@@@@@@@@@@" {0 0 0};
    %vpi_call 2 87 "$display", "@@@@@@@@@@@%.,*/////////////////////  @@@@@@@@@@*..........,,,,,,*/**,,,,,,,,,,,,,,,,,,,,,,,,,,,,,,,,,,,,,,,,,,,,,,,,,,,,,,,,,,,,,,*/// @@@@&%(*.       ,,**/////////////////////////////////*.  (@@@@" {0 0 0};
    %vpi_call 2 88 "$display", "@@@@@@@@@@@@@@ ,,,,,,*//////////////////. @@@@@@%...........,*//**,,,,,,,,,,,,,,,,,,,,,,,,,,,,,,,,,,,,,,,,,,,,,,,,,,,,,,,,,,,,,,,,*//////////////////////////////////////////////////////////////// @@" {0 0 0};
    %vpi_call 2 89 "$display", "@@@@@@@@@@@@@@&.,,,,,,,,*///////////////////* &@@ ........,/**,,,,,,,,,,,,,,,,,,,,,,,,,,,,,,,,,,,,,,,,,,,,,,,,,,,,,,,,,,,,,,,,,,,*/////////////////////**************************,,,,,,,,,**//// @@@@@" {0 0 0};
    %vpi_call 2 90 "$display", "@@@@@@@@@@@@@.,,,,,,,,,,,,,,*///////////////////* ....,./**,,,,,,,,,,,,,,,,,,,,,,,,,,,,,,,,,,,,,,,,,,,,,,,,,,,,,,,,,,,,,,,,,,,,,,,,,,,,,,,,,,,,,,,,,,,,,,,,,,,,,,,,,,,,,,,,,,,,,,,,,,,,,,,*//,/@@@@@@@" {0 0 0};
    %vpi_call 2 91 "$display", "@@@@@@@@@@@@@@@, ,,,,,,,,,,,,,,,/////////////////,.. /**,,,,,,,,,,,,,,,,,,,,,,,,,,,,,,,,,,,,,,,,,,,,,,,,,,,,,,,,,,,,,,,,,,,,,,,,,,,,,,,,,,,,,,,,,,,,,,,,,,,,,,,,,,,,,,,,,,,,,,,,,,,,,,,,,*/ @@@@@@@@@@" {0 0 0};
    %vpi_call 2 92 "$display", "@@@@@@@@@@@@@@@@@@@...,,,,,,,,,,,,,*///////////// //*,,,,,,,,,,,,,,,,,,,,,,,,,,,,,,,,,,,,,,,,,,,,,,,,,,,,,,,,,,,,,,,,,,,,,,,,,,,,,,,,,,,,,,,,,,,,,,,,,,,,,,,,,,,,,,,,,,,,,,,,,,,,,,,.... &@@@@@@@@@@@@" {0 0 0};
    %vpi_call 2 93 "$display", "@@@@@@@@@@@@@@@@@@@@ ..,,,,,,,,,,,,,,,*//////// /**,,,,,,,,,,,,,,,,,,,,,,,,,,,,,,,,,,,,,,,,,,,,,,,,,,,,,,,,,,,,,,,,,,,,,,,,,,,,,,,,,,,,,,,,,,,,,,,,,,,,,,,,,,,,,,,,,,,,,,,,,,,,.......*@@@@@@@@@@@@@@@" {0 0 0};
    %vpi_call 2 94 "$display", "@@@@@@@@@@@@@@@@@@@@@(...,,,,,,,,,,,,,,,,*/////**,,,,,,,,,,,,,,,,,,,,,,,,,,,,,,,,,,,,,,,,,,,,,,,,,,,,,,,,,,,,,,,,,,,,,,,,,,,,,,,,,,,,,,,,,,,,,,,,,,,,,,,,,,,,,,,,,,,,,,,,,......... @@@@@@@@@@@@@@@@@@" {0 0 0};
    %vpi_call 2 95 "$display", "@@@@@@@@@@@@@@@@@@@@@@@ ...,,,,,,,,,,,,,,,*///*,,,,,,,,,,,,,,,,,,,,,,,,,,,,,,,,,,,,,,,,,,,,,,,,,,,,,,,,,,,,,,,,,,,,,,,,,,,,,,,,,,,,,,,,,,,,,,,,,,,,,,,,,,,,,,,,,,,,,,,.......... &@@@@@@@@@@@@@@@@@@@@" {0 0 0};
    %vpi_call 2 96 "$display", "@@@@@@@@@@@@@@@@@@@@@@@@.....,,,,,,,,,,,*///*,,,,,,,,,,,,,,,,,,,,,, ,,,,,,,,,,,,,,,,,,,,,,,,,,,,,,,,,,,,,,,,,,,,,,,,,,,,,,,,,,,,,,,,,,,,,,,,,,,,,,,,,,,,,,,,,,,,,,,...........*@@@@@@@@@@@@@@@@@@@@@@@" {0 0 0};
    %vpi_call 2 97 "$display", "@@@@@@@@@@@@@@@@@@@@@@@@@&.....,,,,,,,,////*,,,,,,,,,,,,,,,,,,,,, //*.,,,,,,,,,,,,,,,,,,,,,,,,,,,,,,,,,,,,,,,,,,,,,,,,,,,,,,,,,,,,,,,,,,,,,,,,,,,,,,,,,,,,,,,,,............ @@@@@@@@@@@@@@@@@@@@@@@@@@" {0 0 0};
    %vpi_call 2 98 "$display", "@@@@@@@@@@@@@@@@@@@@@@@@@@@ .....,,,,*///**,,,,,,,,,,,,,,,,,,,, //////.,,,,,,,,,,,,,,,,,,,,,,,,,,,,,,,,,,,,,,,,,,,,,,,,,,,,,,,,,,,,,,,,,,,,,,,,,,,,,,,,,,,,,............ &@@@@@@@@@@@@@@@@@@@@@@@@@@@@" {0 0 0};
    %vpi_call 2 99 "$display", "@@@@@@@@@@@@@@@@@@@@@@@@@@@@#......,////*,,,,,,,,,,,,,,,,,,,,,*/////(((,,,,,,,,,,,,,,,,,,,,,,,,,,,,,,,,,,,,,,,,,,,,,,,,,,,,,,,,,,,,,,,,,,,,,,,,,,,,,,,,,,............ (@@@@@@@@@@@@@@@@@@@@@@@@@@@@@@@" {0 0 0};
    %vpi_call 2 100 "$display", "@@@@@@@@@@@@@@@@@@@@@@@@@@@@@@ ...,////*,,,,,,,,,,,,,,,,,,,,,*////(((((/,,,,,,,,,,,,,,,,,,,,,,,,,,,,,,,,,,,,,,,,,,,,,,,,,,,,,,,,,,,,,,,,,,,,,,,,,,,,,,..............@@@@@@@@@@@@@@@@@@@@@@@@@@@@@@@@@@" {0 0 0};
    %vpi_call 2 101 "$display", "@@@@@@@@@@@@@@@@@@@@@@@@@@@@@@@*. ////*,,,,,,,,,,,,,,,,,,,,, ////(((((((*,,,,,,,,,,,,,,,,,,,,,,,,,,,,,,,,,,,,,,,,,,,,,,,,,,,,,,,,,,,,,,,,,,,,,,,,,,,,........... @@@@@@@@@@@@@@@@@@@@@@@@@@@@@@@@@@@@@" {0 0 0};
    %vpi_call 2 102 "$display", "@@@@@@@@@@@@@@@@@@@@@@@@@@@@@@@@ ////*,,,,,,,,,,,,,,,,,,,,,..///(((((((((,,,,,,,,,,,,,,,,,,,,,,,,,,,,,,,,,,,,,,,,,,,,,,,,,,,,,,,,,,,,,,,,,,,,,,,,,,,,.. ..... @@@@@@@@@@@@@@@@@@@@@@@@@@@@@@@@@@@@@@@@" {0 0 0};
    %vpi_call 2 103 "$display", "@@@@@@@@@@@@@@@@@@@@@@@@@@@@@@@ ////*,,,,,,,,,,,,,,,,,,,,,,,.///(((((((((  ,,,,,,,,,,,,,,,,,,,,,,,,,,,,,,,,,,,,,,,,,,,,,,,,, //,,,,,,,,,,,,,,,,,,,,,,,. .. @@@@@@@@@@@@@@@@@@@@@@@@@@@@@@@@@@@@@@@@@@@" {0 0 0};
    %vpi_call 2 104 "$display", "@@@@@@@@@@@@@@@@@@@@@@@@@@@@@@.////*,,,,,,,,,,,,,,,,,,,,,,,,,//((((((((((#@ ,,,,,,,,,,,,,,,,,,,,,,,,,,,,,,,,,,,,,,,,,,, (((////,,,,,,,,,,,,,,,,,,,,,,,. @@@@@@@@@@@@@@@@@@@@@@@@@@@@@@@@@@@@@@@@@@@@@@" {0 0 0};
    %vpi_call 2 105 "$display", "@@@@@@@@@@@@@@@@@@@@@@@@@@@@@//////*,,,,,,,,,,,,.,,,,,,,,,,,,./((((((((( ,, ,,,,,,,,,,,,,,,,,,,,,,,,,,,,,,,,,,,,,,, (((((((///,,,,,,,,,,,,,,,,,,,,,,,,. @@@@@@@@@@@@@@@@@@@@@@@@@@@@@@@@@@@@@@@@@@@@@@" {0 0 0};
    %vpi_call 2 106 "$display", "@@@@@@@@@@@@@@@@@@@@@@@@@@@@&*////*,,,,,,,,,,,,,,..,,,,,,,,,,,. (((((((((*((.,,,,,,,,,,,,,,,,,,,,,,,,,,,,,,,,,, ((((((((((////.,,,,,,,,,,,,,,,,,,,,,,,,,///////////////////////,.  /&@@@@@@@@@@@@@@@@@" {0 0 0};
    %vpi_call 2 107 "$display", "@@@@@@@@@@@@@@@@@@@@@@@@@@@@ ////*,,,,,,,,,,,,,,, &,,,,,,,,,,,,,,.*(((((((((( ,,,,,,,,,,,,,,,,,,,,,,,,,,,,, & (((((((((((//// ,,,,,,,,,,,,,,,,,,,,,,,, *//////////////////////////////////, *@@@@@@@@@" {0 0 0};
    %vpi_call 2 108 "$display", "@@@@@@@@@@@@@@@@@@@@@@@@@@@*/////*,,,,,,,,,,,,,,, &&%/,,,,,,,,,,,,,,,,. /((((( ,,,,,,,,,,,,,,,,,,,,,,,,,, @@,((((((((((((///,,,,,,,,,,,,,,,,,,,,,,,,,,./////////////////////////////////// .  @@@@@@@@" {0 0 0};
    %vpi_call 2 109 "$display", "@@@@@@@@@@@@@@@@@@@@@@@@@@@ ////*,,,,,,,,,,,,,,,, @@&%%% ,,,,,,,,,,,,,,,,,,,,,,,,,,,,,,,,,,,,,,,,,,,.((((*, (((((((((((/// ,,,,,,,,,,,,,,,,,,,,,,,,,,,,,,,,,,,,,,,,,,,,,,,,,,,,,,,,,,,,,******** &@@@@" {0 0 0};
    %vpi_call 2 110 "$display", "@@@@@@@@@@@@@@@@@@@@@@@@@@@*////*,,,,,,,,,,,,,,,,.@@@&&%%(% ,,,,,,,,,,,,,,,,,,,,,,,,,,,,,,,,,,,,,, ((((((((((((((((((/// ,,,,,,,,,,,,,,,,,,,,,,,,,,,,,,,,,,,,,,,,,,,,,,,,,,,,,,,,,,,,,,,,,,,,,,,,,,(@@" {0 0 0};
    %vpi_call 2 111 "$display", "@@@@@@@@@@@@@@@@@@@@@@@@@@@/////*,,,,,,,,,,,,,,,,./@@@@&&,%%%% ,,,,,,,,,,,,,,,,,,,,,,,,,,,,,,,,,,,,,, (((((((((((((/ ,,,,,,,,,,,,,,,,,,,,,,,,,,,,,,,,,,,,,,,,,,,,,,,,,,,,,,,,,,,,,,,,,,,,,,,,. *@@@@@@" {0 0 0};
    %vpi_call 2 112 "$display", "@@@@@@@@@@@@@@@@@@@@@@@@@@&/////*,,,,,,,,,,,,,,,,,.@@@@@*&&&%%%%%% ,,,,,,,,,,,,,,,,,,,,,,,,,,,,,,,,,,,,,,,,,,,,,,,,,,,,,,,,,,,,,,,,,,,,,,,,,,,,,,,,,,,,,,,,,,,,,,,,,,,,,,,,,,,,,,,,,,,,,,,.@@@@@@@@@@@" {0 0 0};
    %vpi_call 2 113 "$display", "@@@@@@@@@@@@@@@@@@@@@@@@@@@,////*,,,,,,,,,,,,,,,,,, @@@@(@@@@&&&%%%%%% ,,,,,,,,,,,,,,,,,,,,,,,,,,,,,,,,,,,,,,,,,,,,,,,,,,,,,,,,,,,,,,,,,,,,,,,,,,,,,,,,,,,,,,,,,,,,,,,,,,,,,,,,,,, . ,,,,, @@@@@@@@@@@" {0 0 0};
    %vpi_call 2 114 "$display", "@@@@@@@@@@@@@@@@@@@@@@@@@@@ ////*,,,,,,,,,,,,,,,,,,, @@ @@@@@@@@@@&&&%%/%%%  ,,,,,,,,,,,,,,,,,,,,,,,,,,,,,,,,,,,,,,,,,,,,,,,, ..,,,,,,,,,,,,,,,,,,,,,,,,,,,,,,,,,,,,,,....... (@@@@@@@@&  @@@@@@@@@@@@" {0 0 0};
    %vpi_call 2 115 "$display", "@@@@@@@@@@@@@@@@@@@@@@@@@@@,////*,,,,,,,,,,,,,,,,,,,,.@&@@@@@@@@@@@@@@@%&&%%%%%%## .,.,,,,,,,,,,,,,,,,,,,,,,,,,,,,,,.,. (%%%&/,,,,,,,,,,,,,,,,,,,,..................... ,@@@@@@@@@@@@@@@@@@@@@@@@@@@@@" {0 0 0};
    %vpi_call 2 116 "$display", "@@@@@@@@@@@@@@@@@@@@@@@@@@@@.////*..,,,,,,,,,,,,,,,,,,. @@@@@@@@@@@@@@ @@@@@@@&&&&%%%%%%%%#%#,              .(#.%%%%%%%%&&&@.,,,,,,,,,,,,,,,,,,,,................  @@@@@@@@@@@@@@@@@@@@@@@@@@@@@@@@@@@" {0 0 0};
    %vpi_call 2 117 "$display", "@@@@@@@@@@@@@@@@@@@@@@@@@@@@ *///*,..,,,,,,,,,,,,,,,,,,,,.@@@@@@@@@@@,@@@@@@@@@@@@@@@@@@&&&&&,%%%%%%%%%%%%%%&&&&&&&@@@@@@@ ,,,,,,,,,,,,,,,,,,,,,,.......... .@@@@@@@@@@@@@@@@@@@@@@@@@@@@@@@@@@@@@@@@@" {0 0 0};
    %vpi_call 2 118 "$display", "@@@@@@@@@@@@@@@@@@@@@@@@@@ ,, *///*....,,,,,,,,,,,,,,,,,,,, @@@@@@@@&&@@@@@@@@@@@@@@@@@@@@@@@@@@@@@@@@@@@@@@@@.@@@@@@@@@ ,,,,,,,,,,,,,,,,,,,,,,,. ..  #@@@@@@@@@@@@@@@@@@@@@@@@@@@@@@@@@@@@@@@@@@@@@@@" {0 0 0};
    %vpi_call 2 119 "$display", "@@@@@@@@@@@@@@@@@@@@@@@@@.,,,,.*//*,....,,,,,,,,,,,,,,,,,,,,,, @@@@@,@@@@@@@@@@@@@@@@@@@@@@@,@@@@@@@@@@@@@@@@ @@@@@@@/,,,,,,,,,,,,,,,,,,,,,,,,,. @@@@@@@@@@@@@@@@@@@@@@@@@@@@@@@@@@@@@@@@@@@@@@@@@@@@@" {0 0 0};
    %vpi_call 2 120 "$display", "@@@@@@@@@@@@@@@@@@@@@@@/,,,,,,,,****......,,,,,,,,,,,,,,,,,,,,,,,., @@@@@@@@@@@@@@@@@@@@@@@ @@@@@@@@@@@@@@@@@@@@@@/.,,,,,,,,,,,,,,,,,,,,,,,,,,, @@@@@@@@@@@@@@@@@@@@@@@@@@@@@@@@@@@@@@@@@@@@@@@@@@@@@@" {0 0 0};
    %vpi_call 2 121 "$display", "@@@@@@@@@@@@@@@@@@@@@@/,,,,,,,,,,****.......,,,,,,,,,,,,,,,,,,,,,,,,,, /@@@@@@@@@@@@@@@@@@@@@@@@@@@@@@@@@@@@/@& ,,,,,,,,,,,,,,,,,,,,,,,,,,,,,, @@@@@@@@@@@@@@@@@@@@@@@@@@@@@@@@@@@@@@@@@@@@@@@@@@@@@@@" {0 0 0};
    %vpi_call 2 122 "$display", "@@@@@@@@@@@@@@@@@@@@@&.,,,,,,,,,,,,**,........,,,,,,,,,,,,,,,,,,,,,,,,,,,,,,. /@@@@@@@@@@@(@@@@@@@@@@@@@@* ,,,,,,,,,,,,,,,,,,,,,,,,,,,,,,,,,, @@@@@@@@@@@@@@@@@@@@@@@@@@@@@@@@@@@@@@@@@@@@@@@@@@@@@@@@" {0 0 0};
    %vpi_call 2 123 "$display", "@@@@@@@@@@@@@@@@@@@@@ ,,,,,,,,,,,,,,,*,.........,,,,,,,,,,,,,,,,,,,,,,,,,,,,,,,,,,,,,,,,.        .,,,,,,,,,,,,,,,,,,,,,,,,,,,,,,,,,,,,,,,,,, @@@@@@@@@@@@@@@@@@@@@@@@@@@@@@@@@@@@@@@@@@@@@@@@@@@@@@@@@" {0 0 0};
    %vpi_call 2 124 "$display", "@@@@@@@@@@@@@@@@@@@@@ ,,,,,,,,,,,,,,,,,,...........,,,,,,,,,,,,,,,,,,,,,,,,,,,,,,,,,,,,,,,,,,,,,,,,,,,,,,,,,,,,,,,,,,,,,,,,,,,,,,,,,,,,,,,.@@@@@@@@@@@@@@@@@@@@@@@@@@@@@@@@@@@@@@@@@@@@@@@@@@@@@@@@@@@" {0 0 0};
    %vpi_call 2 125 "$display", "@@@@@@@@@@@@@@@@@@@@@ ....,,,,,,,,,,,,,,..............,,,,,,,,,,,,,,,,,,,,,,,,,,,,,,,,,,,,,,,,,,,,,,,,,,,,,,,,,,,,,,,,,,,,,,,,,,,,,,,,,,. @@@@@@@@@@@@@@@@@@@@@@@@@@@@@@@@@@@@@@@@@@@@@@@@@@@@@@@@@@@@" {0 0 0};
    %vpi_call 2 126 "$display", "@@@@@@@@@@@@@@@@@@@@@ ........,,,,........................,,,,,,,,,,,,,,,,,,,,,,,,,,,,,,,,,,,,,,,,,,,,,,,,,,,,,,,,,,,,,,,,,,,,,,,,,,....&@@@@@@@@@@@@@@@@@@@@@@@@@@@@@@@@@@@@@@@@@@@@@@@@@@@@@@@@@@@@@" {0 0 0};
    %vpi_call 2 127 "$display", "@@@@@@@@@@@@@@@@@@@@@@ ........................................,,,,,,,,,,,,,,,,,,,,,,,,,,,,,,,,,,,,,,,,,,,,,,,,,,,,,,,,,,,,,,,. ....../@@@@@@@@@@@@@@@@@@@@@@@@@@@@@@@@@@@@@@@@@@@@@@@@@@@@@@@@@@@@@@@" {0 0 0};
    %vpi_call 2 128 "$display", "@@@@@@@@@@@@@@@@@@@@@@@ ............................................,,,,,,,,,,,,,,,,,,,,,,,,,,,,,,,,,,,,,,,,,,,,,,,,,,,,,,,,,,,,, ...@@@@@@@@@@@@@@@@@@@@@@@@@@@@@@@@@@@@@@@@@@@@@@@@@@@@@@@@@@@@@@@@@" {0 0 0};
    %vpi_call 2 129 "$display", "@@@@@@@@@@@@@@@@@@@@@@@@..................................................,,,,,,,,,,,,,,,,,,,,,,,,,,,,,,,,,,,,,,,,,,,,,,,,,,,,,,,, @@@@@@@@@@@@@@@@@@@@@@@@@@@@@@@@@@@@@@@@@@@@@@@@@@@@@@@@@@@@@@@@@@@" {0 0 0};
    %vpi_call 2 130 "$display", "@@@@@@@@@@@@@@@@@@@@@@@@@@ ................... .....................................,,,,,,,,,,,,,,,,,,,,,,,,,,,,,,,,,,,,,,,,,,,,,,, @@@@@@@@@@@@@@@@@@@@@@@@@@@@@@@@@@@@@@@@@@@@@@@@@@@@@@@@@@@@@@@@@@" {0 0 0};
    %vpi_call 2 131 "$display", "@@@@@@@@@@@@@@@@@@@@@@@@@@@@# .................. ......................................................,,,,,,,,,,,,,,,,,,,,,,,,,,,,, @@@@@@@@@@@@@@@@@@@@@@@@@@@@@@@@@@@@@@@@@@@@@@@@@@@@@@@@@@@@@@@@@" {0 0 0};
    %vpi_call 2 132 "$display", "@@@@@@@@@@@@@@@@@@@@@@@@@@@@@@@% ................. .....................................................,,,,,,,,,,,,,,,,,,,,,,,,,,,,,(@@@@@@@@@@@@@@@@@@@@@@@@@@@@@@@@@@@@@@@@@@@@@@@@@@@@@@@@@@@@@@@@" {0 0 0};
    %vpi_call 2 133 "$display", "@@@@@@@@@@@@@@@@@@@@@@@@@@@@@@@@@@@ ..............*@@* ..................................................,,,,,,,,,,,,,,,,,,,,,,,,,,,, @@@@@@@@@@@@@@@@@@@@@@@@@@@@@@@@@@@@@@@@@@@@@@@@@@@@@@@@@@@@@@@@" {0 0 0};
    %vpi_call 2 134 "$display", "@@@@@@@@@@@@@@@@@@@@@@@@@@@@@@@@@@@@ ............./@@@@@@# ...............................................,,,,,,,,,,,,,,,,,,,,,,,,,,, @@@@@@@@@@@@@@@@@@@@@@@@@@@@@@@@@@@@@@@@@@@@@@@@@@@@@@@@@@@@@@@@" {0 0 0};
    %vpi_call 2 135 "$display", "@@@@@@@@@@@@@@@@@@@@@@@@@@@@@@@@@@@@@*. @& ...,@, @@@@@@@@@@@@@( ..........................................,,,,,,,,,,,,,,,,,,,,,,,,,,,@@@@@@@@@@@@@@@@@@@@@@@@@@@@@@@@@@@@@@@@@@@@@@@@@@@@@@@@@@@@@@@@" {0 0 0};
    %vpi_call 2 136 "$display", "@@@@@@@@@@@@@@@@@@@@@@@@@@@@@@@@@@@@@@@@@@@@ .@@@@@@@@@@@@@@@@@@@@@@@ ...   .................................,,,,,,,,,,,,,,,,,,,,,,,.@@@@@@@@@@@@@@@@@@@@@@@@@@@@@@@@@@@@@@@@@@@@@@@@@@@@@@@@@@@@@@@@@" {0 0 0};
    %vpi_call 2 137 "$display", "@@@@@@@@@@@@@@@@@@@@@@@@@@@@@@@@@@@@@@@@@@@@@@@@@@@@@@@@@@@@@@@@@@@@@@&.................@@&##(*..............,,,,,,,,,,,,,,,,,,,,,,,#@@@@@@@@@@@@@@@@@@@@@@@@@@@@@@@@@@@@@@@@@@@@@@@@@@@@@@@@@@@@@@@@@" {0 0 0};
    %vpi_call 2 138 "$display", "@@@@@@@@@@@@@@@@@@@@@@@@@@@@@@@@@@@@@@@@@@@@@@@@@@@@@@@@@@@@@@@@@@@@@@@@#..............*@@@@@@@@ .............,,.,,,,,,,,,,,,,,,,,,#@@@@@@@@@@@@@@@@@@@@@@@@@@@@@@@@@@@@@@@@@@@@@@@@@@@@@@@@@@@@@@@@@@" {0 0 0};
    %vpi_call 2 139 "$display", "@@@@@@@@@@@@@@@@@@@@@@@@@@@@@@@@@@@@@@@@@@@@@@@@@@@@@@@@@@@@@@@@@@@@@@@@@@@ .......... @@@@@@@@@@%.......... .... ,, ... ,,,,,,,,.@@@@@@@@@@@@@@@@@@@@@@@@@@@@@@@@@@@@@@@@@@@@@@@@@@@@@@@@@@@@@@@@@@@@" {0 0 0};
    %vpi_call 2 140 "$display", "@@@@@@@@@@@@@@@@@@@@@@@@@@@@@@@@@@@@@@@@@@@@@@@@@@@@@@@@@@@@@@@@@@@@@@@@@@@@@& .......@@@@@@@@@@@@@ ....................  .. ,,,.@@@@@@@@@@@@@@@@@@@@@@@@@@@@@@@@@@@@@@@@@@@@@@@@@@@@@@@@@@@@@@@@@@@@@" {0 0 0};
    %vpi_call 2 141 "$display", "@@@@@@@@@@@@@@@@@@@@@@@@@@@@@@@@@@@@@@@@@@@@@@@@@@@@@@@@@@@@@@@@@@@@@@@@@@@@@@@@@@#/@@@@@@@@@@@@@@@@@ .. .................. ,, @@@@@@@@@@@@@@@@@@@@@@@@@@@@@@@@@@@@@@@@@@@@@@@@@@@@@@@@@@@@@@@@@@@@@@@" {0 0 0};
    %vpi_call 2 142 "$display", "@@@@@@@@@@@@@@@@@@@@@@@@@@@@@@@@@@@@@@@@@@@@@@@@@@@@@@@@@@@@@@@@@@@@@@@@@@@@@@@@@@@@@@@@@@@@@@@@@@@@@@& ..................., @@@@@@@@@@@@@@@@@@@@@@@@@@@@@@@@@@@@@@@@@@@@@@@@@@@@@@@@@@@@@@@@@@@@@@@@@" {0 0 0};
    %vpi_call 2 143 "$display", "@@@@@@@@@@@@@@@@@@@@@@@@@@@@@@@@@@@@@@@@@@@@@@@@@@@@@@@@@@@@@@@@@@@@@@@@@@@@@@@@@@@@@@@@@@@@@@@@@@@@@@@.................  &@@@@@@@@@@@@@@@@@@@@@@@@@@@@@@@@@@@@@@@@@@@@@@@@@@@@@@@@@@@@@@@@@@@@@@@@@@@" {0 0 0};
    %vpi_call 2 144 "$display", "@@@@@@@@@@@@@@@@@@@@@@@@@@@@@@@@@@@@@@@@@@@@@@@@@@@@@@@@@@@@@@@@@@@@@@@@@@@@@@@@@@@@@@@@@@@@@@@@@@@@@@@@ ............. @@@@@@@@@@@@@@@@@@@@@@@@@@@@@@@@@@@@@@@@@@@@@@@@@@@@@@@@@@@@@@@@@@@@@@@@@@@@@@@" {0 0 0};
    %vpi_call 2 145 "$display", "@@@@@@@@@@@@@@@@@@@@@@@@@@@@@@@@@@@@@@@@@@@@@@@@@@@@@@@@@@@@@@@@@@@@@@@@@@@@@@@@@@@@@@@@@@@@@@@@@@@@@@@@@@% ...... (@@@@@@@@@@@@@@@@@@@@@@@@@@@@@@@@@@@@@@@@@@@@@@@@@@@@@@@@@@@@@@@@@@@@@@@@@@@@@@@@@@" {0 0 0};
    %vpi_call 2 146 "$display", "@@@@@@@@@@@@@@@@@@@@@@@@@@@@@@@@@@@@@@@@@@@@@@@@@@@@@@@@@@@@@@@@@@@@@@@@@@@@@@@@@@@@@@@@@@@@@@@@@@@@@@@@@@@@@@@@@@@@@@@@@@@@@@@@@@@@@@@@@@@@@@@@@@@@@@@@@@@@@@@@@@@@@@@@@@@@@@@@@@@@@@@@@@@@@@@@@@@@@@" {0 0 0};
    %vpi_call 2 147 "$display", "\000" {0 0 0};
    %vpi_call 2 148 "$display", "******************************************************************************************************************************************************************************************************" {0 0 0};
    %vpi_call 2 149 "$display", "\000" {0 0 0};
    %vpi_call 2 150 "$display", "                                                            Congratulation! All data are correct!       " {0 0 0};
    %vpi_call 2 151 "$display", "\000" {0 0 0};
    %vpi_call 2 152 "$display", "******************************************************************************************************************************************************************************************************" {0 0 0};
    %vpi_call 2 153 "$finish" {0 0 0};
    %jmp T_3.3;
T_3.2 ;
    %load/vec4 v0x6000035d0d80_0;
    %cmpi/e 8, 0, 32;
    %jmp/0xz  T_3.4, 4;
    %vpi_call 2 156 "$finish" {0 0 0};
T_3.4 ;
T_3.3 ;
    %load/vec4 v0x6000035d0d80_0;
    %cmpi/s 8, 0, 32;
    %flag_or 5, 4;
    %jmp/0xz  T_3.6, 5;
    %load/vec4 v0x6000035d0d80_0;
    %addi 1, 0, 32;
    %assign/vec4 v0x6000035d0d80_0, 0;
    %jmp T_3.7;
T_3.6 ;
    %load/vec4 v0x6000035d0d80_0;
    %assign/vec4 v0x6000035d0d80_0, 0;
T_3.7 ;
    %jmp T_3;
    .thread T_3;
# The file index is used to find the file name in the following table.
:file_names 5;
    "N/A";
    "<interactive>";
    "testbench.v";
    ".//Full_Subtractor.v";
    ".//Half_Subtractor.v";
